<?xml version="1.0" encoding="UTF-8"?>
<beans xmlns="http://www.springframework.org/schema/beans"
    xmlns:xsi="http://www.w3.org/2001/XMLSchema-instance"
    xmlns:aop="http://www.springframework.org/schema/aop"
    xmlns:context="http://www.springframework.org/schema/context"
    xmlns:tx="http://www.springframework.org/schema/tx"
    xmlns:util="http://www.springframework.org/schema/util"
    xsi:schemaLocation="http://www.springframework.org/schema/beans 
     http://www.springframework.org/schema/beans/spring-beans-3.0.xsd
     http://www.springframework.org/schema/context
     http://www.springframework.org/schema/context/spring-context-3.0.xsd
     http://www.springframework.org/schema/util
     http://www.springframework.org/schema/util/spring-util-3.0.xsd">     

    <import resource="appContext-ws.xml"/>

    <bean class="org.springframework.beans.factory.config.PropertyPlaceholderConfigurer">
        <property name="properties">
            <props>
                <prop key="tradeshift.api.baseUrl">https://api-sandbox.tradeshift.com/tradeshift/rest</prop>
                <prop key="tradeshift.api.userAgent">IPSTradeshiftClient/1.0</prop>
                <prop key="tradeshift.api.tenantId">10ef0b35-7f42-42d0-a9e3-c2e4e7c4e504</prop>
                <prop key="tradeshift.api.oauth.free.consumerKey">OwnAccount</prop>
                <prop key="tradeshift.api.oauth.free.consumerSecret">OwnAccount</prop>
                <prop key="tradeshift.api.oauth.free.accessToken">EFRpZSSNre9hkaV7UzJtwgee7h2jU9</prop>
                <prop key="tradeshift.api.oauth.free.accessTokenSecret">+DUgJym4635nR48+Dyrmn6qxtGhjFPyjb-8dakG9</prop>
                
				<prop key="dropbox.api.oauth.version">CORE_10</prop>
				<prop key="dropbox.api.baseUrl">https://api.dropbox.com/1/</prop>
				<prop key="dropbox.api-content.baseUrl">https://api-content.dropbox.com/1/</prop>
				<prop key="dropbox.api.oauth.consumerKey">qp413bvaqakkyqh</prop>
				<prop key="dropbox.api.oauth.consumerSecret">e4986prajqzkb28</prop>
				<prop key="dropbox.api.oauth.requestTokenUrl">https://api.dropbox.com/1/oauth/request_token</prop>
				<prop key="dropbox.api.oauth.authorizeUrl">https://www.dropbox.com/1/oauth/authorize</prop>
				<prop key="dropbox.api.oauth.accessTokenUrl">https://api.dropbox.com/1/oauth/access_token</prop>
				<prop key="dropbox.api.oauth.accessToken">gzfxqwiw9yq1csp</prop>
                <prop key="dropbox.api.oauth.accessTokenSecret">xz8mif19iucocyr</prop>
            </props>
        </property>
    </bean>
</beans>