<?xml version="1.0" encoding="UTF-8"?>
<beans xmlns="http://www.springframework.org/schema/beans"
	xmlns:xsi="http://www.w3.org/2001/XMLSchema-instance"
    xmlns:aop="http://www.springframework.org/schema/aop"
    xmlns:context="http://www.springframework.org/schema/context"
    xmlns:tx="http://www.springframework.org/schema/tx"
	xsi:schemaLocation="http://www.springframework.org/schema/beans 
     					http://www.springframework.org/schema/beans/spring-beans-3.0.xsd
						http://www.springframework.org/schema/context
					    http://www.springframework.org/schema/context/spring-context-3.0.xsd
					    http://www.springframework.org/schema/aop 
					    http://www.springframework.org/schema/aop/spring-aop-3.0.xsd">
	
	<!-- Root Context: defines shared resources visible to all other web components -->
	<context:annotation-config />
    <context:component-scan base-package="org.integration.payments" resource-pattern="**/*" />
    <context:component-scan base-package="org.integration.connectors" resource-pattern="**/*" />

    <import resource="appContext-conf.xml" />
    <import resource="appContext-dao.xml" />
    <import resource="appContext-service.xml"/>

    <import resource="test-appContext-ws.xml"/>
</beans>
